  main.cpp
C:\Program Files\Microsoft Visual Studio\2022\Community\VC\Tools\MSVC\14.35.32215\include\xmemory(154,5): warning C4365: 'argument': conversion from 'long' to 'unsigned int', signed/unsigned mismatch
C:\Program Files\Microsoft Visual Studio\2022\Community\VC\Tools\MSVC\14.35.32215\include\xmemory(164,5): warning C4365: 'argument': conversion from 'long' to 'unsigned int', signed/unsigned mismatch
C:\Program Files\Microsoft Visual Studio\2022\Community\VC\Tools\MSVC\14.35.32215\include\atomic(93,9): warning C4365: 'argument': conversion from 'long' to 'unsigned int', signed/unsigned mismatch
C:\Program Files\Microsoft Visual Studio\2022\Community\VC\Tools\MSVC\14.35.32215\include\atomic(291,9): warning C4365: 'argument': conversion from 'long' to 'unsigned int', signed/unsigned mismatch
C:\Program Files\Microsoft Visual Studio\2022\Community\VC\Tools\MSVC\14.35.32215\include\atomic(307,9): warning C4365: 'argument': conversion from 'long' to 'unsigned int', signed/unsigned mismatch
C:\MSVS\Projects\CPP-search-server\main.cpp(50,12): warning C4820: 'Document': '4' bytes padding added after data member 'Document::id'
C:\MSVS\Projects\CPP-search-server\main.cpp(52,1): warning C4820: 'Document': '4' bytes padding added after data member 'Document::rating'
C:\MSVS\Projects\CPP-search-server\main.cpp(174,5): warning C4820: 'SearchServer::QueryWord': '6' bytes padding added after data member 'SearchServer::QueryWord::is_stop'
C:\MSVS\Projects\CPP-search-server\main.cpp(72,55): warning C5219: implicit conversion from 'unsigned __int64' to 'double', possible loss of data
C:\MSVS\Projects\CPP-search-server\main.cpp(81,102): warning C4100: 'rating': unreferenced formal parameter
C:\MSVS\Projects\CPP-search-server\main.cpp(81,58): warning C4100: 'document_id': unreferenced formal parameter
C:\MSVS\Projects\CPP-search-server\main.cpp(108,1): warning C4267: 'return': conversion from 'size_t' to 'int', possible loss of data
C:\MSVS\Projects\CPP-search-server\main.cpp(108,1): warning C4365: 'return': conversion from 'unsigned __int64' to 'int', signed/unsigned mismatch
C:\MSVS\Projects\CPP-search-server\main.cpp(209,84): warning C5219: implicit conversion from 'unsigned __int64' to 'double', possible loss of data
C:\MSVS\Projects\CPP-search-server\main.cpp(269,162): warning C4100: 'rating': unreferenced formal parameter
C:\MSVS\Projects\CPP-search-server\main.cpp(269,150): warning C4100: 'status': unreferenced formal parameter
C:\MSVS\Projects\CPP-search-server\main.cpp(111,43): warning C4514: 'SearchServer::MatchDocument': unreferenced inline function has been removed
C:\MSVS\Projects\CPP-search-server\main.cpp(102): warning C5045: Compiler will insert Spectre mitigation for memory load if /Qspectre switch specified
C:\MSVS\Projects\CPP-search-server\main.cpp(101): message : index '' range checked by comparison on this line
C:\MSVS\Projects\CPP-search-server\main.cpp(102): message : feeds call on this line
  CPP-search-server.vcxproj -> C:\MSVS\Projects\CPP-search-server\x64\Debug\CPP-search-server.exe
