c:\msvs\projects\cpp-search-server\x64\debug\vc143.pdb
c:\msvs\projects\cpp-search-server\x64\debug\vc143.idb
c:\msvs\projects\cpp-search-server\x64\debug\main.obj
c:\msvs\projects\cpp-search-server\x64\debug\testinh.obj
c:\msvs\projects\cpp-search-server\x64\debug\testing.obj
c:\msvs\projects\cpp-search-server\x64\debug\main.obj.enc
c:\msvs\projects\cpp-search-server\x64\debug\cpp-search-server.pdb
c:\msvs\projects\cpp-search-server\x64\debug\cpp-sear.ba8e19d2.tlog\cl.command.1.tlog
c:\msvs\projects\cpp-search-server\x64\debug\cpp-sear.ba8e19d2.tlog\cl.read.1.tlog
c:\msvs\projects\cpp-search-server\x64\debug\cpp-sear.ba8e19d2.tlog\cl.write.1.tlog
c:\msvs\projects\cpp-search-server\x64\debug\cpp-sear.ba8e19d2.tlog\link-cvtres.read.1.tlog
c:\msvs\projects\cpp-search-server\x64\debug\cpp-sear.ba8e19d2.tlog\link-cvtres.write.1.tlog
c:\msvs\projects\cpp-search-server\x64\debug\cpp-sear.ba8e19d2.tlog\link-rc.read.1.tlog
c:\msvs\projects\cpp-search-server\x64\debug\cpp-sear.ba8e19d2.tlog\link-rc.write.1.tlog
c:\msvs\projects\cpp-search-server\x64\debug\cpp-sear.ba8e19d2.tlog\link.8804-cvtres.read.1.tlog
c:\msvs\projects\cpp-search-server\x64\debug\cpp-sear.ba8e19d2.tlog\link.8804-cvtres.write.1.tlog
c:\msvs\projects\cpp-search-server\x64\debug\cpp-sear.ba8e19d2.tlog\link.8804-rc.read.1.tlog
c:\msvs\projects\cpp-search-server\x64\debug\cpp-sear.ba8e19d2.tlog\link.8804-rc.write.1.tlog
c:\msvs\projects\cpp-search-server\x64\debug\cpp-sear.ba8e19d2.tlog\link.8804.read.1.tlog
c:\msvs\projects\cpp-search-server\x64\debug\cpp-sear.ba8e19d2.tlog\link.8804.read.2.tlog
c:\msvs\projects\cpp-search-server\x64\debug\cpp-sear.ba8e19d2.tlog\link.8804.write.1.tlog
c:\msvs\projects\cpp-search-server\x64\debug\cpp-sear.ba8e19d2.tlog\link.command.1.tlog
c:\msvs\projects\cpp-search-server\x64\debug\cpp-sear.ba8e19d2.tlog\link.read.1.tlog
c:\msvs\projects\cpp-search-server\x64\debug\cpp-sear.ba8e19d2.tlog\link.read.2.tlog
c:\msvs\projects\cpp-search-server\x64\debug\cpp-sear.ba8e19d2.tlog\link.write.1.tlog
